#
# A fatal error has been detected by the Java Runtime Environment:
#
#  EXCEPTION_ACCESS_VIOLATION (0xc0000005) at pc=0x00000000550ed76b, pid=10196, tid=7212
#
# JRE version: 7.0_11-b21
# Java VM: Java HotSpot(TM) 64-Bit Server VM (23.6-b04 mixed mode windows-amd64 compressed oops)
# Problematic frame:
# V  [jvm.dll+0x11d76b]
#
# Failed to write core dump. Minidumps are not enabled by default on client versions of Windows
#
# If you would like to submit a bug report, please visit:
#   http://bugreport.sun.com/bugreport/crash.jsp
#

---------------  T H R E A D  ---------------

Current thread (0x000000000af4a800):  JavaThread "JDWP Transport Listener: dt_socket" daemon [_thread_in_vm, id=7212, stack(0x000000000c920000,0x000000000ca20000)]

siginfo: ExceptionCode=0xc0000005, reading address 0xffffffffffffffff

Registers:
RAX=0x000000000ca1f101, RBX=0x000000000af4a800, RCX=0x3e3b45003b650000, RDX=0x000000000af4a800
RSP=0x000000000ca1f0c0, RBP=0x3e3b45003b650000, RSI=0x000000000ca1f1d8, RDI=0x0000000000669480
R8 =0x000000000ca1f1d8, R9 =0x000000000000ff00, R10=0x0000000000000000, R11=0x000000000af5246a
R12=0x0000000000000000, R13=0x0000000000000000, R14=0x0000000000000000, R15=0x0000000000000000
RIP=0x00000000550ed76b, EFLAGS=0x0000000000010206

Top of Stack: (sp=0x000000000ca1f0c0)
0x000000000ca1f0c0:   000000000af4a800 000000000af3db50
0x000000000ca1f0d0:   000000000ca1f188 0000000055274009
0x000000000ca1f0e0:   000000000af4a800 000000005528f9d2
0x000000000ca1f0f0:   0000000000000000 000000000af4a800
0x000000000ca1f100:   000000000aed8440 0000000054fb264e
0x000000000ca1f110:   000000000af4a800 0000000000000000
0x000000000ca1f120:   0000000000000000 0000000000000000
0x000000000ca1f130:   3e3b45003b650000 0000000054fb1745
0x000000000ca1f140:   000000000ca1f1d8 000000000ca1f1b0
0x000000000ca1f150:   0000000000000001 000000000aed8440
0x000000000ca1f160:   3e3b45003b650000 0000000054f953b3
0x000000000ca1f170:   000000000ca1f2a0 0000000000000001
0x000000000ca1f180:   0000000000000001 000000000aed8440
0x000000000ca1f190:   000000000000000a 0000000000000000
0x000000000ca1f1a0:   0000000000000000 0000000000000000
0x000000000ca1f1b0:   0000000000000001 0000000054f95571 

Instructions: (pc=0x00000000550ed76b)
0x00000000550ed74b:   48 8b 5c 24 30 48 89 47 18 48 83 c4 20 5f c3 cc
0x00000000550ed75b:   cc cc cc cc cc 40 53 48 83 ec 20 48 85 c9 74 54
0x00000000550ed76b:   48 8b 19 48 85 db 74 4c 48 b8 fe fe fe fe fe fe
0x00000000550ed77b:   fe fe 48 3b d8 74 3d 80 3d 5f e5 58 00 00 74 15 


Register to memory mapping:

RAX=0x000000000ca1f101 is pointing into the stack for thread: 0x000000000af4a800
RBX=0x000000000af4a800 is a thread
RCX=0x3e3b45003b650000 is an unknown value
RDX=0x000000000af4a800 is a thread
RSP=0x000000000ca1f0c0 is pointing into the stack for thread: 0x000000000af4a800
RBP=0x3e3b45003b650000 is an unknown value
RSI=0x000000000ca1f1d8 is pointing into the stack for thread: 0x000000000af4a800
RDI=0x0000000000669480 is an unknown value
R8 =0x000000000ca1f1d8 is pointing into the stack for thread: 0x000000000af4a800
R9 =0x000000000000ff00 is an unknown value
R10=0x0000000000000000 is an unknown value
R11=0x000000000af5246a is an unknown value
R12=0x0000000000000000 is an unknown value
R13=0x0000000000000000 is an unknown value
R14=0x0000000000000000 is an unknown value
R15=0x0000000000000000 is an unknown value


Stack: [0x000000000c920000,0x000000000ca20000],  sp=0x000000000ca1f0c0,  free space=1020k
Native frames: (J=compiled Java code, j=interpreted, Vv=VM code, C=native code)
V  [jvm.dll+0x11d76b]

[error occurred during error reporting (printing native stack), id 0xc0000005]


---------------  P R O C E S S  ---------------

Java Threads: ( => current thread )
  0x000000000af72800 JavaThread "Service Thread" daemon [_thread_blocked, id=8356, stack(0x000000000ce20000,0x000000000cf20000)]
  0x000000000af6d800 JavaThread "C2 CompilerThread1" daemon [_thread_blocked, id=1428, stack(0x000000000cd20000,0x000000000ce20000)]
  0x000000000af69800 JavaThread "C2 CompilerThread0" daemon [_thread_blocked, id=8796, stack(0x000000000cc20000,0x000000000cd20000)]
  0x000000000af57800 JavaThread "JDWP Command Reader" daemon [_thread_in_native, id=3128, stack(0x000000000cb20000,0x000000000cc20000)]
  0x000000000af54800 JavaThread "JDWP Event Helper Thread" daemon [_thread_blocked, id=372, stack(0x000000000ca20000,0x000000000cb20000)]
=>0x000000000af4a800 JavaThread "JDWP Transport Listener: dt_socket" daemon [_thread_in_vm, id=7212, stack(0x000000000c920000,0x000000000ca20000)]
  0x000000000af3f000 JavaThread "Attach Listener" daemon [_thread_blocked, id=6216, stack(0x000000000c410000,0x000000000c510000)]
  0x000000000af3b000 JavaThread "Signal Dispatcher" daemon [_thread_blocked, id=3196, stack(0x000000000c310000,0x000000000c410000)]
  0x000000000aed7000 JavaThread "Finalizer" daemon [_thread_blocked, id=7692, stack(0x000000000c210000,0x000000000c310000)]
  0x000000000aece000 JavaThread "Reference Handler" daemon [_thread_blocked, id=3916, stack(0x000000000c110000,0x000000000c210000)]
  0x0000000001f80800 JavaThread "main" [_thread_blocked, id=4132, stack(0x0000000001e80000,0x0000000001f80000)]

Other Threads:
  0x000000000aec7800 VMThread [stack: 0x000000000c010000,0x000000000c110000] [id=7952]
  0x000000000af85000 WatcherThread [stack: 0x000000000cf20000,0x000000000d020000] [id=4312]

VM state:not at safepoint (normal execution)

VM Mutex/Monitor currently owned by a thread: None

Heap
 PSYoungGen      total 37632K, used 1292K [0x00000007d6000000, 0x00000007d89f0000, 0x0000000800000000)
  eden space 32320K, 4% used [0x00000007d6000000,0x00000007d61433b8,0x00000007d7f90000)
  from space 5312K, 0% used [0x00000007d84c0000,0x00000007d84c0000,0x00000007d89f0000)
  to   space 5312K, 0% used [0x00000007d7f90000,0x00000007d7f90000,0x00000007d84c0000)
 ParOldGen       total 86016K, used 0K [0x0000000782000000, 0x0000000787400000, 0x00000007d6000000)
  object space 86016K, 0% used [0x0000000782000000,0x0000000782000000,0x0000000787400000)
 PSPermGen       total 21248K, used 2665K [0x000000077ce00000, 0x000000077e2c0000, 0x0000000782000000)
  object space 21248K, 12% used [0x000000077ce00000,0x000000077d09a5e8,0x000000077e2c0000)

Card table byte_map: [0x0000000005140000,0x0000000005560000] byte_map_base: 0x0000000001559000

Polling page: 0x0000000000650000

Code Cache  [0x0000000002080000, 0x00000000022f0000, 0x0000000005080000)
 total_blobs=158 nmethods=0 adapters=133 free_code_cache=48777Kb largest_free_block=49947520

Compilation events (0 events):
No events

GC Heap History (0 events):
No events

Deoptimization events (0 events):
No events

Internal exceptions (3 events):
Event: 0.056 Thread 0x0000000001f80800 Threw 0x00000007d60061a8 at C:\jdk7u1_64p\jdk7u11\hotspot\src\share\vm\prims\jni.cpp:3994
Event: 0.213 Thread 0x0000000001f80800 Threw 0x00000007d6054b50 at C:\jdk7u1_64p\jdk7u11\hotspot\src\share\vm\prims\jvm.cpp:1166
Event: 0.224 Thread 0x0000000001f80800 Threw 0x00000007d605db38 at C:\jdk7u1_64p\jdk7u11\hotspot\src\share\vm\prims\jvm.cpp:1166

Events (10 events):
Event: 281.849 Executing VM operation: EnterInterpOnlyMode
Event: 281.849 Executing VM operation: EnterInterpOnlyMode done
Event: 281.849 Executing VM operation: GetCurrentLocation
Event: 281.849 Executing VM operation: GetCurrentLocation done
Event: 281.849 Executing VM operation: ChangeSingleStep
Event: 281.849 Executing VM operation: ChangeSingleStep done
Event: 281.849 Executing VM operation: ChangeSingleStep
Event: 281.849 Executing VM operation: ChangeSingleStep done
Event: 462.950 Executing VM operation: RedefineClasses
Event: 462.950 Executing VM operation: RedefineClasses done


Dynamic libraries:
0x000007f75e030000 - 0x000007f75e063000 	C:\Program Files\Java\jre7\bin\javaw.exe
0x000007fb071e0000 - 0x000007fb073a0000 	C:\Windows\SYSTEM32\ntdll.dll
0x000007fb048f0000 - 0x000007fb04a26000 	C:\Windows\system32\KERNEL32.DLL
0x000007fb043f0000 - 0x000007fb044e3000 	C:\Windows\system32\KERNELBASE.dll
0x000007fb06a50000 - 0x000007fb06b2e000 	C:\Windows\system32\ADVAPI32.dll
0x000007fb06610000 - 0x000007fb0675c000 	C:\Windows\system32\USER32.dll
0x000007fb01ff0000 - 0x000007fb0225a000 	C:\Windows\WinSxS\amd64_microsoft.windows.common-controls_6595b64144ccf1df_6.0.9200.16579_none_418ab7ef718b27ef\COMCTL32.dll
0x000007fb068b0000 - 0x000007fb06955000 	C:\Windows\system32\msvcrt.dll
0x000007fb065c0000 - 0x000007fb06608000 	C:\Windows\SYSTEM32\sechost.dll
0x000007fb06390000 - 0x000007fb064d5000 	C:\Windows\system32\RPCRT4.dll
0x000007fb06760000 - 0x000007fb068a1000 	C:\Windows\system32\GDI32.dll
0x000007fb04bd0000 - 0x000007fb04c09000 	C:\Windows\system32\IMM32.DLL
0x000007fb045d0000 - 0x000007fb046e6000 	C:\Windows\system32\MSCTF.dll
0x00000000556f0000 - 0x00000000557c1000 	C:\Program Files\Java\jre7\bin\msvcr100.dll
0x0000000054fd0000 - 0x00000000556ef000 	C:\Program Files\Java\jre7\bin\server\jvm.dll
0x000007fb02a30000 - 0x000007fb02a39000 	C:\Windows\SYSTEM32\WSOCK32.dll
0x000007fafa410000 - 0x000007fafa430000 	C:\Windows\SYSTEM32\WINMM.dll
0x000007fb06550000 - 0x000007fb06557000 	C:\Windows\system32\PSAPI.DLL
0x000007fb06560000 - 0x000007fb065b8000 	C:\Windows\system32\WS2_32.dll
0x000007fafa3d0000 - 0x000007fafa403000 	C:\Windows\SYSTEM32\WINMMBASE.dll
0x000007fb06d20000 - 0x000007fb06d29000 	C:\Windows\system32\NSI.dll
0x000007fb04520000 - 0x000007fb0456f000 	C:\Windows\SYSTEM32\cfgmgr32.dll
0x000007fb044f0000 - 0x000007fb04512000 	C:\Windows\system32\DEVOBJ.dll
0x00000000569c0000 - 0x00000000569cf000 	C:\Program Files\Java\jre7\bin\verify.dll
0x0000000056990000 - 0x00000000569b8000 	C:\Program Files\Java\jre7\bin\java.dll
0x0000000054f90000 - 0x0000000054fc5000 	C:\Program Files\Java\jre7\bin\jdwp.dll
0x0000000056920000 - 0x0000000056928000 	C:\Program Files\Java\jre7\bin\npt.dll
0x0000000056970000 - 0x0000000056985000 	C:\Program Files\Java\jre7\bin\zip.dll
0x0000000054f80000 - 0x0000000054f89000 	C:\Program Files\Java\jre7\bin\dt_socket.dll
0x000007faf00a0000 - 0x000007faf00b4000 	C:\Windows\system32\napinsp.dll
0x000007faf0080000 - 0x000007faf0098000 	C:\Windows\system32\pnrpnsp.dll
0x000007fb02cd0000 - 0x000007fb02ce6000 	C:\Windows\system32\NLAapi.dll
0x000007fb038e0000 - 0x000007fb0393c000 	C:\Windows\System32\mswsock.dll
0x000007fb03720000 - 0x000007fb037b8000 	C:\Windows\SYSTEM32\DNSAPI.dll
0x000007faf00c0000 - 0x000007faf00d2000 	C:\Windows\System32\winrnr.dll
0x000007faf00e0000 - 0x000007faf00f4000 	C:\Windows\system32\wshbth.dll
0x0000000057da0000 - 0x0000000057dc6000 	C:\Program Files\Bonjour\mdnsNSP.dll
0x000007fb00640000 - 0x000007fb0066a000 	C:\Windows\SYSTEM32\Iphlpapi.DLL
0x000007fb00610000 - 0x000007fb0061a000 	C:\Windows\SYSTEM32\WINNSI.DLL
0x000007fb00230000 - 0x000007fb00291000 	C:\Windows\System32\fwpuclnt.dll
0x000007fafa3c0000 - 0x000007fafa3c8000 	C:\Windows\System32\rasadhlp.dll
0x000007faf0870000 - 0x000007faf09d3000 	C:\Windows\SYSTEM32\dbghelp.dll

VM Arguments:
jvm_args: -agentlib:jdwp=transport=dt_socket,suspend=y,address=localhost:13120 -Dfile.encoding=Cp1252 
java_command: Batalha
Launcher Type: SUN_STANDARD

Environment Variables:
PATH=C:\app\RCA\product\11.2.0\client_1;C:\app\RCA\product\11.2.0\client_1\bin;C:\Program Files (x86)\AMD APP\bin\x86_64;C:\Program Files (x86)\AMD APP\bin\x86;C:\Program Files (x86)\Intel\iCLS Client\;C:\Program Files\Intel\iCLS Client\;C:\Windows\system32;C:\Windows;C:\Windows\System32\Wbem;C:\Windows\System32\WindowsPowerShell\v1.0\;C:\Program Files\Intel\Intel(R) Management Engine Components\DAL;C:\Program Files\Intel\Intel(R) Management Engine Components\IPT;C:\Program Files (x86)\Intel\Intel(R) Management Engine Components\DAL;C:\Program Files (x86)\Intel\Intel(R) Management Engine Components\IPT;C:\Program Files (x86)\ATI Technologies\ATI.ACE\Core-Static;c:\Program Files (x86)\Microsoft SQL Server\100\Tools\Binn\;c:\Program Files\Microsoft SQL Server\100\Tools\Binn\;c:\Program Files\Microsoft SQL Server\100\DTS\Binn\;C:\Program Files (x86)\Microsoft ASP.NET\ASP.NET Web Pages\v1.0\;C:\Program Files\Microsoft SQL Server\110\Tools\Binn\;C:\Program Files (x86)\Microsoft SQL Server\110\Tools\Binn\ManagementStudio\;C:\Program Files (x86)\Microsoft SQL Server\110\Tools\Binn\;C:\Program Files (x86)\Microsoft SQL Server\110\DTS\Binn\;C:\Program Files\TortoiseGit\bin;C:\Program Files\Microsoft SQL Server\110\DTS\Binn\;C:\Program Files (x86)\Microsoft Visual Studio 10.0\Common7\IDE\PrivateAssemblies\;C:\Program Files\Microsoft\Web Platform Installer\;C:\Program Files (x86)\Windows Kits\8.1\Windows Performance Toolkit\
USERNAME=fabricio
OS=Windows_NT
PROCESSOR_IDENTIFIER=Intel64 Family 6 Model 58 Stepping 9, GenuineIntel



---------------  S Y S T E M  ---------------

OS: Windows 8 , 64 bit Build 9200 

CPU:total 4 (2 cores per cpu, 2 threads per core) family 6 model 58 stepping 9, cmov, cx8, fxsr, mmx, sse, sse2, sse3, ssse3, sse4.1, sse4.2, popcnt, avx, ht, tsc, tscinvbit, tscinv

Memory: 4k page, physical 8251896k(2741372k free), swap 14019064k(6942644k free)

vm_info: Java HotSpot(TM) 64-Bit Server VM (23.6-b04) for windows-amd64 JRE (1.7.0_11-b21), built on Jan 12 2013 02:38:42 by "java_re" with unknown MS VC++:1600

time: Sat Apr 12 10:52:06 2014
elapsed time: 463 seconds

